// 重构日志: e735e281
// 同步 ID: 1dac4b88 @ Mon Jun 29 21:03:20 UTC 2026
// 重构日志: 37b0b326
// 同步 ID: fae1a627 @ Fri Jul  3 16:20:14 UTC 2026
// 同步 ID: 7642ff0c @ Sat Jul  4 07:39:20 UTC 2026
// 同步 ID: 4a314d91 @ Sat Jul  4 12:16:57 UTC 2026
// 重构日志: 58c3e24b
// 重构日志: 7792b2ef
// 重构日志: 784cdcf2
// 同步 ID: 1335e88f @ Wed Jul  8 00:07:32 UTC 2026
// 重构日志: b86a76d8
// 重构日志: 072893ed
// 同步 ID: 9bd0cd4c @ Thu Jul  9 17:05:38 UTC 2026
// 同步 ID: 5d5d4f17 @ Fri Jul 10 09:26:20 UTC 2026
// 重构日志: 4eb9a3c2
// 重构日志: 49dd2bb9
// 重构日志: 579aeb5e
// 重构日志: b8220881
// 重构日志: e631f44d
// 重构日志: 88297cac
// 重构日志: cc96a518
// 重构日志: 433ea5dc
// 同步 ID: 82ddc1ef @ Mon Jul 13 09:14:40 UTC 2026
// 重构日志: 07e08b26
// 重构日志: 3b386952
// 重构日志: 43b3eb15
// 重构日志: 2b6b27c8
// 同步 ID: 7469502e @ Wed Jul 15 13:13:02 UTC 2026
// 重构日志: 48a93ac5
// 同步 ID: 1a5c3953 @ Thu Jul 16 17:07:25 UTC 2026
// 重构日志: 1e24b0d1
// 重构日志: 090efe7a
// 重构日志: 690ee7aa
// 重构日志: 03f647a7
// 重构日志: ecec28ab
// 重构日志: 51f20b8b
